[2025-06-03 17:41:36,985] INFO [Controller id=0 epoch=1] Sending UpdateMetadata request to brokers HashSet(0) for 0 partitions (state.change.logger)
[2025-06-03 17:41:41,419] INFO [Controller id=0 epoch=1] Changed partition url_analysis_tasks-0 state from NonExistentPartition to NewPartition with assigned replicas 0 (state.change.logger)
[2025-06-03 17:41:41,419] INFO [Controller id=0 epoch=1] Changed partition url_analysis_tasks-1 state from NonExistentPartition to NewPartition with assigned replicas 0 (state.change.logger)
[2025-06-03 17:41:41,419] INFO [Controller id=0 epoch=1] Changed partition url_analysis_tasks-2 state from NonExistentPartition to NewPartition with assigned replicas 0 (state.change.logger)
[2025-06-03 17:41:41,419] INFO [Controller id=0 epoch=1] Sending UpdateMetadata request to brokers HashSet() for 0 partitions (state.change.logger)
[2025-06-03 17:41:41,421] INFO [Controller id=0 epoch=1] Sending UpdateMetadata request to brokers HashSet() for 0 partitions (state.change.logger)
[2025-06-03 17:41:41,436] INFO [Controller id=0 epoch=1] Changed partition url_analysis_tasks-0 from NewPartition to OnlinePartition with state LeaderAndIsr(leader=0, leaderEpoch=0, isr=List(0), zkVersion=0) (state.change.logger)
[2025-06-03 17:41:41,436] INFO [Controller id=0 epoch=1] Changed partition url_analysis_tasks-1 from NewPartition to OnlinePartition with state LeaderAndIsr(leader=0, leaderEpoch=0, isr=List(0), zkVersion=0) (state.change.logger)
[2025-06-03 17:41:41,436] INFO [Controller id=0 epoch=1] Changed partition url_analysis_tasks-2 from NewPartition to OnlinePartition with state LeaderAndIsr(leader=0, leaderEpoch=0, isr=List(0), zkVersion=0) (state.change.logger)
[2025-06-03 17:41:41,437] INFO [Controller id=0 epoch=1] Sending LeaderAndIsr request to broker 0 with 3 become-leader and 0 become-follower partitions (state.change.logger)
[2025-06-03 17:41:41,438] INFO [Controller id=0 epoch=1] Sending UpdateMetadata request to brokers HashSet(0) for 3 partitions (state.change.logger)
[2025-06-03 17:41:41,439] INFO [Controller id=0 epoch=1] Sending UpdateMetadata request to brokers HashSet() for 0 partitions (state.change.logger)
[2025-06-03 17:41:41,441] INFO [Broker id=0] Handling LeaderAndIsr request correlationId 1 from controller 0 for 3 partitions (state.change.logger)
[2025-06-03 17:41:41,452] INFO [Broker id=0] Stopped fetchers as part of LeaderAndIsr request correlationId 1 from controller 0 epoch 1 as part of the become-leader transition for 3 partitions (state.change.logger)
[2025-06-03 17:41:41,484] INFO [Broker id=0] Leader url_analysis_tasks-1 starts at leader epoch 0 from offset 0 with high watermark 0 ISR [0] addingReplicas [] removingReplicas []. Previous leader epoch was -1. (state.change.logger)
[2025-06-03 17:41:41,492] INFO [Broker id=0] Leader url_analysis_tasks-0 starts at leader epoch 0 from offset 0 with high watermark 0 ISR [0] addingReplicas [] removingReplicas []. Previous leader epoch was -1. (state.change.logger)
[2025-06-03 17:41:41,496] INFO [Broker id=0] Leader url_analysis_tasks-2 starts at leader epoch 0 from offset 0 with high watermark 0 ISR [0] addingReplicas [] removingReplicas []. Previous leader epoch was -1. (state.change.logger)
[2025-06-03 17:41:41,501] INFO [Broker id=0] Finished LeaderAndIsr request in 61ms correlationId 1 from controller 0 for 3 partitions (state.change.logger)
[2025-06-03 17:41:41,507] INFO [Broker id=0] Add 3 partitions and deleted 0 partitions from metadata cache in response to UpdateMetadata request sent by controller 0 epoch 1 with correlation id 2 (state.change.logger)
[2025-06-03 17:41:42,710] INFO [Controller id=0 epoch=1] Changed partition url_analysis_results-0 state from NonExistentPartition to NewPartition with assigned replicas 0 (state.change.logger)
[2025-06-03 17:41:42,710] INFO [Controller id=0 epoch=1] Changed partition url_analysis_results-1 state from NonExistentPartition to NewPartition with assigned replicas 0 (state.change.logger)
[2025-06-03 17:41:42,710] INFO [Controller id=0 epoch=1] Changed partition url_analysis_results-2 state from NonExistentPartition to NewPartition with assigned replicas 0 (state.change.logger)
[2025-06-03 17:41:42,710] INFO [Controller id=0 epoch=1] Sending UpdateMetadata request to brokers HashSet() for 0 partitions (state.change.logger)
[2025-06-03 17:41:42,710] INFO [Controller id=0 epoch=1] Sending UpdateMetadata request to brokers HashSet() for 0 partitions (state.change.logger)
[2025-06-03 17:41:42,717] INFO [Controller id=0 epoch=1] Changed partition url_analysis_results-0 from NewPartition to OnlinePartition with state LeaderAndIsr(leader=0, leaderEpoch=0, isr=List(0), zkVersion=0) (state.change.logger)
[2025-06-03 17:41:42,717] INFO [Controller id=0 epoch=1] Changed partition url_analysis_results-1 from NewPartition to OnlinePartition with state LeaderAndIsr(leader=0, leaderEpoch=0, isr=List(0), zkVersion=0) (state.change.logger)
[2025-06-03 17:41:42,717] INFO [Controller id=0 epoch=1] Changed partition url_analysis_results-2 from NewPartition to OnlinePartition with state LeaderAndIsr(leader=0, leaderEpoch=0, isr=List(0), zkVersion=0) (state.change.logger)
[2025-06-03 17:41:42,717] INFO [Controller id=0 epoch=1] Sending LeaderAndIsr request to broker 0 with 3 become-leader and 0 become-follower partitions (state.change.logger)
[2025-06-03 17:41:42,718] INFO [Controller id=0 epoch=1] Sending UpdateMetadata request to brokers HashSet(0) for 3 partitions (state.change.logger)
[2025-06-03 17:41:42,718] INFO [Controller id=0 epoch=1] Sending UpdateMetadata request to brokers HashSet() for 0 partitions (state.change.logger)
[2025-06-03 17:41:42,718] INFO [Broker id=0] Handling LeaderAndIsr request correlationId 3 from controller 0 for 3 partitions (state.change.logger)
[2025-06-03 17:41:42,720] INFO [Broker id=0] Stopped fetchers as part of LeaderAndIsr request correlationId 3 from controller 0 epoch 1 as part of the become-leader transition for 3 partitions (state.change.logger)
[2025-06-03 17:41:42,723] INFO [Broker id=0] Leader url_analysis_results-1 starts at leader epoch 0 from offset 0 with high watermark 0 ISR [0] addingReplicas [] removingReplicas []. Previous leader epoch was -1. (state.change.logger)
[2025-06-03 17:41:42,728] INFO [Broker id=0] Leader url_analysis_results-0 starts at leader epoch 0 from offset 0 with high watermark 0 ISR [0] addingReplicas [] removingReplicas []. Previous leader epoch was -1. (state.change.logger)
[2025-06-03 17:41:42,732] INFO [Broker id=0] Leader url_analysis_results-2 starts at leader epoch 0 from offset 0 with high watermark 0 ISR [0] addingReplicas [] removingReplicas []. Previous leader epoch was -1. (state.change.logger)
[2025-06-03 17:41:42,734] INFO [Broker id=0] Finished LeaderAndIsr request in 16ms correlationId 3 from controller 0 for 3 partitions (state.change.logger)
[2025-06-03 17:41:42,735] INFO [Broker id=0] Add 3 partitions and deleted 0 partitions from metadata cache in response to UpdateMetadata request sent by controller 0 epoch 1 with correlation id 4 (state.change.logger)
